








error [Tue Apr 23 2019 09:45:58 GMT+0600 (GMT+06:00)]  { NotFoundError: Not Found
    at C:\projects\misspolin\misspolin-api\app.js:73:8
    at Layer.handle [as handle_request] (C:\projects\misspolin\misspolin-api\node_modules\express\lib\router\layer.js:95:5)
    at trim_prefix (C:\projects\misspolin\misspolin-api\node_modules\express\lib\router\index.js:317:13)
    at C:\projects\misspolin\misspolin-api\node_modules\express\lib\router\index.js:284:7
    at Function.process_params (C:\projects\misspolin\misspolin-api\node_modules\express\lib\router\index.js:335:12)
    at next (C:\projects\misspolin\misspolin-api\node_modules\express\lib\router\index.js:275:10)
    at trim_prefix (C:\projects\misspolin\misspolin-api\node_modules\express\lib\router\index.js:292:47)
    at C:\projects\misspolin\misspolin-api\node_modules\express\lib\router\index.js:284:7
    at param (C:\projects\misspolin\misspolin-api\node_modules\express\lib\router\index.js:354:14)
    at param (C:\projects\misspolin\misspolin-api\node_modules\express\lib\router\index.js:365:14)
    at Function.process_params (C:\projects\misspolin\misspolin-api\node_modules\express\lib\router\index.js:410:3)
    at next (C:\projects\misspolin\misspolin-api\node_modules\express\lib\router\index.js:275:10)
    at renderAMP (C:\projects\misspolin\misspolin-api\node_modules\express-amp\src\index.js:36:12)
    at Layer.handle [as handle_request] (C:\projects\misspolin\misspolin-api\node_modules\express\lib\router\layer.js:95:5)
    at trim_prefix (C:\projects\misspolin\misspolin-api\node_modules\express\lib\router\index.js:317:13)
    at C:\projects\misspolin\misspolin-api\node_modules\express\lib\router\index.js:284:7 message: 'Not Found' }



































error [Thu Apr 25 2019 15:05:03 GMT+0600 (GMT+06:00)]  { NotFoundError: Not Found
    at C:\projects\misspolin\misspolin-api\app.js:73:8
    at Layer.handle [as handle_request] (C:\projects\misspolin\misspolin-api\node_modules\express\lib\router\layer.js:95:5)
    at trim_prefix (C:\projects\misspolin\misspolin-api\node_modules\express\lib\router\index.js:317:13)
    at C:\projects\misspolin\misspolin-api\node_modules\express\lib\router\index.js:284:7
    at Function.process_params (C:\projects\misspolin\misspolin-api\node_modules\express\lib\router\index.js:335:12)
    at next (C:\projects\misspolin\misspolin-api\node_modules\express\lib\router\index.js:275:10)
    at trim_prefix (C:\projects\misspolin\misspolin-api\node_modules\express\lib\router\index.js:292:47)
    at C:\projects\misspolin\misspolin-api\node_modules\express\lib\router\index.js:284:7
    at param (C:\projects\misspolin\misspolin-api\node_modules\express\lib\router\index.js:354:14)
    at param (C:\projects\misspolin\misspolin-api\node_modules\express\lib\router\index.js:365:14)
    at Function.process_params (C:\projects\misspolin\misspolin-api\node_modules\express\lib\router\index.js:410:3)
    at next (C:\projects\misspolin\misspolin-api\node_modules\express\lib\router\index.js:275:10)
    at renderAMP (C:\projects\misspolin\misspolin-api\node_modules\express-amp\src\index.js:36:12)
    at Layer.handle [as handle_request] (C:\projects\misspolin\misspolin-api\node_modules\express\lib\router\layer.js:95:5)
    at trim_prefix (C:\projects\misspolin\misspolin-api\node_modules\express\lib\router\index.js:317:13)
    at C:\projects\misspolin\misspolin-api\node_modules\express\lib\router\index.js:284:7 message: 'Not Found' }
error [Thu Apr 25 2019 15:05:14 GMT+0600 (GMT+06:00)]  { NotFoundError: Not Found
    at C:\projects\misspolin\misspolin-api\app.js:73:8
    at Layer.handle [as handle_request] (C:\projects\misspolin\misspolin-api\node_modules\express\lib\router\layer.js:95:5)
    at trim_prefix (C:\projects\misspolin\misspolin-api\node_modules\express\lib\router\index.js:317:13)
    at C:\projects\misspolin\misspolin-api\node_modules\express\lib\router\index.js:284:7
    at Function.process_params (C:\projects\misspolin\misspolin-api\node_modules\express\lib\router\index.js:335:12)
    at next (C:\projects\misspolin\misspolin-api\node_modules\express\lib\router\index.js:275:10)
    at trim_prefix (C:\projects\misspolin\misspolin-api\node_modules\express\lib\router\index.js:292:47)
    at C:\projects\misspolin\misspolin-api\node_modules\express\lib\router\index.js:284:7
    at param (C:\projects\misspolin\misspolin-api\node_modules\express\lib\router\index.js:354:14)
    at param (C:\projects\misspolin\misspolin-api\node_modules\express\lib\router\index.js:365:14)
    at Function.process_params (C:\projects\misspolin\misspolin-api\node_modules\express\lib\router\index.js:410:3)
    at next (C:\projects\misspolin\misspolin-api\node_modules\express\lib\router\index.js:275:10)
    at renderAMP (C:\projects\misspolin\misspolin-api\node_modules\express-amp\src\index.js:36:12)
    at Layer.handle [as handle_request] (C:\projects\misspolin\misspolin-api\node_modules\express\lib\router\layer.js:95:5)
    at trim_prefix (C:\projects\misspolin\misspolin-api\node_modules\express\lib\router\index.js:317:13)
    at C:\projects\misspolin\misspolin-api\node_modules\express\lib\router\index.js:284:7 message: 'Not Found' }

error [Thu Apr 25 2019 15:11:42 GMT+0600 (GMT+06:00)]  { NotFoundError: Not Found
    at C:\projects\misspolin\misspolin-api\app.js:73:8
    at Layer.handle [as handle_request] (C:\projects\misspolin\misspolin-api\node_modules\express\lib\router\layer.js:95:5)
    at trim_prefix (C:\projects\misspolin\misspolin-api\node_modules\express\lib\router\index.js:317:13)
    at C:\projects\misspolin\misspolin-api\node_modules\express\lib\router\index.js:284:7
    at Function.process_params (C:\projects\misspolin\misspolin-api\node_modules\express\lib\router\index.js:335:12)
    at next (C:\projects\misspolin\misspolin-api\node_modules\express\lib\router\index.js:275:10)
    at trim_prefix (C:\projects\misspolin\misspolin-api\node_modules\express\lib\router\index.js:292:47)
    at C:\projects\misspolin\misspolin-api\node_modules\express\lib\router\index.js:284:7
    at param (C:\projects\misspolin\misspolin-api\node_modules\express\lib\router\index.js:354:14)
    at param (C:\projects\misspolin\misspolin-api\node_modules\express\lib\router\index.js:365:14)
    at Function.process_params (C:\projects\misspolin\misspolin-api\node_modules\express\lib\router\index.js:410:3)
    at next (C:\projects\misspolin\misspolin-api\node_modules\express\lib\router\index.js:275:10)
    at renderAMP (C:\projects\misspolin\misspolin-api\node_modules\express-amp\src\index.js:36:12)
    at Layer.handle [as handle_request] (C:\projects\misspolin\misspolin-api\node_modules\express\lib\router\layer.js:95:5)
    at trim_prefix (C:\projects\misspolin\misspolin-api\node_modules\express\lib\router\index.js:317:13)
    at C:\projects\misspolin\misspolin-api\node_modules\express\lib\router\index.js:284:7 message: 'Not Found' }
error [Thu Apr 25 2019 15:12:21 GMT+0600 (GMT+06:00)]  { NotFoundError: Not Found
    at C:\projects\misspolin\misspolin-api\app.js:73:8
    at Layer.handle [as handle_request] (C:\projects\misspolin\misspolin-api\node_modules\express\lib\router\layer.js:95:5)
    at trim_prefix (C:\projects\misspolin\misspolin-api\node_modules\express\lib\router\index.js:317:13)
    at C:\projects\misspolin\misspolin-api\node_modules\express\lib\router\index.js:284:7
    at Function.process_params (C:\projects\misspolin\misspolin-api\node_modules\express\lib\router\index.js:335:12)
    at next (C:\projects\misspolin\misspolin-api\node_modules\express\lib\router\index.js:275:10)
    at trim_prefix (C:\projects\misspolin\misspolin-api\node_modules\express\lib\router\index.js:292:47)
    at C:\projects\misspolin\misspolin-api\node_modules\express\lib\router\index.js:284:7
    at param (C:\projects\misspolin\misspolin-api\node_modules\express\lib\router\index.js:354:14)
    at param (C:\projects\misspolin\misspolin-api\node_modules\express\lib\router\index.js:365:14)
    at Function.process_params (C:\projects\misspolin\misspolin-api\node_modules\express\lib\router\index.js:410:3)
    at next (C:\projects\misspolin\misspolin-api\node_modules\express\lib\router\index.js:275:10)
    at renderAMP (C:\projects\misspolin\misspolin-api\node_modules\express-amp\src\index.js:36:12)
    at Layer.handle [as handle_request] (C:\projects\misspolin\misspolin-api\node_modules\express\lib\router\layer.js:95:5)
    at trim_prefix (C:\projects\misspolin\misspolin-api\node_modules\express\lib\router\index.js:317:13)
    at C:\projects\misspolin\misspolin-api\node_modules\express\lib\router\index.js:284:7 message: 'Not Found' }
error [Thu Apr 25 2019 15:13:15 GMT+0600 (GMT+06:00)]  { NotFoundError: Not Found
    at C:\projects\misspolin\misspolin-api\app.js:73:8
    at Layer.handle [as handle_request] (C:\projects\misspolin\misspolin-api\node_modules\express\lib\router\layer.js:95:5)
    at trim_prefix (C:\projects\misspolin\misspolin-api\node_modules\express\lib\router\index.js:317:13)
    at C:\projects\misspolin\misspolin-api\node_modules\express\lib\router\index.js:284:7
    at Function.process_params (C:\projects\misspolin\misspolin-api\node_modules\express\lib\router\index.js:335:12)
    at next (C:\projects\misspolin\misspolin-api\node_modules\express\lib\router\index.js:275:10)
    at trim_prefix (C:\projects\misspolin\misspolin-api\node_modules\express\lib\router\index.js:292:47)
    at C:\projects\misspolin\misspolin-api\node_modules\express\lib\router\index.js:284:7
    at param (C:\projects\misspolin\misspolin-api\node_modules\express\lib\router\index.js:354:14)
    at param (C:\projects\misspolin\misspolin-api\node_modules\express\lib\router\index.js:365:14)
    at Function.process_params (C:\projects\misspolin\misspolin-api\node_modules\express\lib\router\index.js:410:3)
    at next (C:\projects\misspolin\misspolin-api\node_modules\express\lib\router\index.js:275:10)
    at renderAMP (C:\projects\misspolin\misspolin-api\node_modules\express-amp\src\index.js:36:12)
    at Layer.handle [as handle_request] (C:\projects\misspolin\misspolin-api\node_modules\express\lib\router\layer.js:95:5)
    at trim_prefix (C:\projects\misspolin\misspolin-api\node_modules\express\lib\router\index.js:317:13)
    at C:\projects\misspolin\misspolin-api\node_modules\express\lib\router\index.js:284:7 message: 'Not Found' }
error [Thu Apr 25 2019 15:14:39 GMT+0600 (GMT+06:00)]  { NotFoundError: Not Found
    at C:\projects\misspolin\misspolin-api\app.js:73:8
    at Layer.handle [as handle_request] (C:\projects\misspolin\misspolin-api\node_modules\express\lib\router\layer.js:95:5)
    at trim_prefix (C:\projects\misspolin\misspolin-api\node_modules\express\lib\router\index.js:317:13)
    at C:\projects\misspolin\misspolin-api\node_modules\express\lib\router\index.js:284:7
    at Function.process_params (C:\projects\misspolin\misspolin-api\node_modules\express\lib\router\index.js:335:12)
    at next (C:\projects\misspolin\misspolin-api\node_modules\express\lib\router\index.js:275:10)
    at trim_prefix (C:\projects\misspolin\misspolin-api\node_modules\express\lib\router\index.js:292:47)
    at C:\projects\misspolin\misspolin-api\node_modules\express\lib\router\index.js:284:7
    at param (C:\projects\misspolin\misspolin-api\node_modules\express\lib\router\index.js:354:14)
    at param (C:\projects\misspolin\misspolin-api\node_modules\express\lib\router\index.js:365:14)
    at Function.process_params (C:\projects\misspolin\misspolin-api\node_modules\express\lib\router\index.js:410:3)
    at next (C:\projects\misspolin\misspolin-api\node_modules\express\lib\router\index.js:275:10)
    at renderAMP (C:\projects\misspolin\misspolin-api\node_modules\express-amp\src\index.js:36:12)
    at Layer.handle [as handle_request] (C:\projects\misspolin\misspolin-api\node_modules\express\lib\router\layer.js:95:5)
    at trim_prefix (C:\projects\misspolin\misspolin-api\node_modules\express\lib\router\index.js:317:13)
    at C:\projects\misspolin\misspolin-api\node_modules\express\lib\router\index.js:284:7 message: 'Not Found' }
error [Thu Apr 25 2019 15:16:40 GMT+0600 (GMT+06:00)]  { NotFoundError: Not Found
    at C:\projects\misspolin\misspolin-api\app.js:73:8
    at Layer.handle [as handle_request] (C:\projects\misspolin\misspolin-api\node_modules\express\lib\router\layer.js:95:5)
    at trim_prefix (C:\projects\misspolin\misspolin-api\node_modules\express\lib\router\index.js:317:13)
    at C:\projects\misspolin\misspolin-api\node_modules\express\lib\router\index.js:284:7
    at Function.process_params (C:\projects\misspolin\misspolin-api\node_modules\express\lib\router\index.js:335:12)
    at next (C:\projects\misspolin\misspolin-api\node_modules\express\lib\router\index.js:275:10)
    at trim_prefix (C:\projects\misspolin\misspolin-api\node_modules\express\lib\router\index.js:292:47)
    at C:\projects\misspolin\misspolin-api\node_modules\express\lib\router\index.js:284:7
    at param (C:\projects\misspolin\misspolin-api\node_modules\express\lib\router\index.js:354:14)
    at param (C:\projects\misspolin\misspolin-api\node_modules\express\lib\router\index.js:365:14)
    at Function.process_params (C:\projects\misspolin\misspolin-api\node_modules\express\lib\router\index.js:410:3)
    at next (C:\projects\misspolin\misspolin-api\node_modules\express\lib\router\index.js:275:10)
    at renderAMP (C:\projects\misspolin\misspolin-api\node_modules\express-amp\src\index.js:36:12)
    at Layer.handle [as handle_request] (C:\projects\misspolin\misspolin-api\node_modules\express\lib\router\layer.js:95:5)
    at trim_prefix (C:\projects\misspolin\misspolin-api\node_modules\express\lib\router\index.js:317:13)
    at C:\projects\misspolin\misspolin-api\node_modules\express\lib\router\index.js:284:7 message: 'Not Found' }
error [Thu Apr 25 2019 15:18:36 GMT+0600 (GMT+06:00)]  { NotFoundError: Not Found
    at C:\projects\misspolin\misspolin-api\app.js:73:8
    at Layer.handle [as handle_request] (C:\projects\misspolin\misspolin-api\node_modules\express\lib\router\layer.js:95:5)
    at trim_prefix (C:\projects\misspolin\misspolin-api\node_modules\express\lib\router\index.js:317:13)
    at C:\projects\misspolin\misspolin-api\node_modules\express\lib\router\index.js:284:7
    at Function.process_params (C:\projects\misspolin\misspolin-api\node_modules\express\lib\router\index.js:335:12)
    at next (C:\projects\misspolin\misspolin-api\node_modules\express\lib\router\index.js:275:10)
    at trim_prefix (C:\projects\misspolin\misspolin-api\node_modules\express\lib\router\index.js:292:47)
    at C:\projects\misspolin\misspolin-api\node_modules\express\lib\router\index.js:284:7
    at param (C:\projects\misspolin\misspolin-api\node_modules\express\lib\router\index.js:354:14)
    at param (C:\projects\misspolin\misspolin-api\node_modules\express\lib\router\index.js:365:14)
    at Function.process_params (C:\projects\misspolin\misspolin-api\node_modules\express\lib\router\index.js:410:3)
    at next (C:\projects\misspolin\misspolin-api\node_modules\express\lib\router\index.js:275:10)
    at renderAMP (C:\projects\misspolin\misspolin-api\node_modules\express-amp\src\index.js:36:12)
    at Layer.handle [as handle_request] (C:\projects\misspolin\misspolin-api\node_modules\express\lib\router\layer.js:95:5)
    at trim_prefix (C:\projects\misspolin\misspolin-api\node_modules\express\lib\router\index.js:317:13)
    at C:\projects\misspolin\misspolin-api\node_modules\express\lib\router\index.js:284:7 message: 'Not Found' }
error [Thu Apr 25 2019 15:27:25 GMT+0600 (GMT+06:00)]  { NotFoundError: Not Found
    at C:\projects\misspolin\misspolin-api\app.js:73:8
    at Layer.handle [as handle_request] (C:\projects\misspolin\misspolin-api\node_modules\express\lib\router\layer.js:95:5)
    at trim_prefix (C:\projects\misspolin\misspolin-api\node_modules\express\lib\router\index.js:317:13)
    at C:\projects\misspolin\misspolin-api\node_modules\express\lib\router\index.js:284:7
    at Function.process_params (C:\projects\misspolin\misspolin-api\node_modules\express\lib\router\index.js:335:12)
    at next (C:\projects\misspolin\misspolin-api\node_modules\express\lib\router\index.js:275:10)
    at trim_prefix (C:\projects\misspolin\misspolin-api\node_modules\express\lib\router\index.js:292:47)
    at C:\projects\misspolin\misspolin-api\node_modules\express\lib\router\index.js:284:7
    at param (C:\projects\misspolin\misspolin-api\node_modules\express\lib\router\index.js:354:14)
    at param (C:\projects\misspolin\misspolin-api\node_modules\express\lib\router\index.js:365:14)
    at Function.process_params (C:\projects\misspolin\misspolin-api\node_modules\express\lib\router\index.js:410:3)
    at next (C:\projects\misspolin\misspolin-api\node_modules\express\lib\router\index.js:275:10)
    at renderAMP (C:\projects\misspolin\misspolin-api\node_modules\express-amp\src\index.js:36:12)
    at Layer.handle [as handle_request] (C:\projects\misspolin\misspolin-api\node_modules\express\lib\router\layer.js:95:5)
    at trim_prefix (C:\projects\misspolin\misspolin-api\node_modules\express\lib\router\index.js:317:13)
    at C:\projects\misspolin\misspolin-api\node_modules\express\lib\router\index.js:284:7 message: 'Not Found' }
error [Thu Apr 25 2019 15:30:09 GMT+0600 (GMT+06:00)]  { NotFoundError: Not Found
    at C:\projects\misspolin\misspolin-api\app.js:73:8
    at Layer.handle [as handle_request] (C:\projects\misspolin\misspolin-api\node_modules\express\lib\router\layer.js:95:5)
    at trim_prefix (C:\projects\misspolin\misspolin-api\node_modules\express\lib\router\index.js:317:13)
    at C:\projects\misspolin\misspolin-api\node_modules\express\lib\router\index.js:284:7
    at Function.process_params (C:\projects\misspolin\misspolin-api\node_modules\express\lib\router\index.js:335:12)
    at next (C:\projects\misspolin\misspolin-api\node_modules\express\lib\router\index.js:275:10)
    at trim_prefix (C:\projects\misspolin\misspolin-api\node_modules\express\lib\router\index.js:292:47)
    at C:\projects\misspolin\misspolin-api\node_modules\express\lib\router\index.js:284:7
    at param (C:\projects\misspolin\misspolin-api\node_modules\express\lib\router\index.js:354:14)
    at param (C:\projects\misspolin\misspolin-api\node_modules\express\lib\router\index.js:365:14)
    at Function.process_params (C:\projects\misspolin\misspolin-api\node_modules\express\lib\router\index.js:410:3)
    at next (C:\projects\misspolin\misspolin-api\node_modules\express\lib\router\index.js:275:10)
    at renderAMP (C:\projects\misspolin\misspolin-api\node_modules\express-amp\src\index.js:36:12)
    at Layer.handle [as handle_request] (C:\projects\misspolin\misspolin-api\node_modules\express\lib\router\layer.js:95:5)
    at trim_prefix (C:\projects\misspolin\misspolin-api\node_modules\express\lib\router\index.js:317:13)
    at C:\projects\misspolin\misspolin-api\node_modules\express\lib\router\index.js:284:7 message: 'Not Found' }
error [Thu Apr 25 2019 15:30:40 GMT+0600 (GMT+06:00)]  { NotFoundError: Not Found
    at C:\projects\misspolin\misspolin-api\app.js:73:8
    at Layer.handle [as handle_request] (C:\projects\misspolin\misspolin-api\node_modules\express\lib\router\layer.js:95:5)
    at trim_prefix (C:\projects\misspolin\misspolin-api\node_modules\express\lib\router\index.js:317:13)
    at C:\projects\misspolin\misspolin-api\node_modules\express\lib\router\index.js:284:7
    at Function.process_params (C:\projects\misspolin\misspolin-api\node_modules\express\lib\router\index.js:335:12)
    at next (C:\projects\misspolin\misspolin-api\node_modules\express\lib\router\index.js:275:10)
    at trim_prefix (C:\projects\misspolin\misspolin-api\node_modules\express\lib\router\index.js:292:47)
    at C:\projects\misspolin\misspolin-api\node_modules\express\lib\router\index.js:284:7
    at param (C:\projects\misspolin\misspolin-api\node_modules\express\lib\router\index.js:354:14)
    at param (C:\projects\misspolin\misspolin-api\node_modules\express\lib\router\index.js:365:14)
    at Function.process_params (C:\projects\misspolin\misspolin-api\node_modules\express\lib\router\index.js:410:3)
    at next (C:\projects\misspolin\misspolin-api\node_modules\express\lib\router\index.js:275:10)
    at renderAMP (C:\projects\misspolin\misspolin-api\node_modules\express-amp\src\index.js:36:12)
    at Layer.handle [as handle_request] (C:\projects\misspolin\misspolin-api\node_modules\express\lib\router\layer.js:95:5)
    at trim_prefix (C:\projects\misspolin\misspolin-api\node_modules\express\lib\router\index.js:317:13)
    at C:\projects\misspolin\misspolin-api\node_modules\express\lib\router\index.js:284:7 message: 'Not Found' }
error [Thu Apr 25 2019 15:31:38 GMT+0600 (GMT+06:00)]  { NotFoundError: Not Found
    at C:\projects\misspolin\misspolin-api\app.js:73:8
    at Layer.handle [as handle_request] (C:\projects\misspolin\misspolin-api\node_modules\express\lib\router\layer.js:95:5)
    at trim_prefix (C:\projects\misspolin\misspolin-api\node_modules\express\lib\router\index.js:317:13)
    at C:\projects\misspolin\misspolin-api\node_modules\express\lib\router\index.js:284:7
    at Function.process_params (C:\projects\misspolin\misspolin-api\node_modules\express\lib\router\index.js:335:12)
    at next (C:\projects\misspolin\misspolin-api\node_modules\express\lib\router\index.js:275:10)
    at trim_prefix (C:\projects\misspolin\misspolin-api\node_modules\express\lib\router\index.js:292:47)
    at C:\projects\misspolin\misspolin-api\node_modules\express\lib\router\index.js:284:7
    at param (C:\projects\misspolin\misspolin-api\node_modules\express\lib\router\index.js:354:14)
    at param (C:\projects\misspolin\misspolin-api\node_modules\express\lib\router\index.js:365:14)
    at Function.process_params (C:\projects\misspolin\misspolin-api\node_modules\express\lib\router\index.js:410:3)
    at next (C:\projects\misspolin\misspolin-api\node_modules\express\lib\router\index.js:275:10)
    at renderAMP (C:\projects\misspolin\misspolin-api\node_modules\express-amp\src\index.js:36:12)
    at Layer.handle [as handle_request] (C:\projects\misspolin\misspolin-api\node_modules\express\lib\router\layer.js:95:5)
    at trim_prefix (C:\projects\misspolin\misspolin-api\node_modules\express\lib\router\index.js:317:13)
    at C:\projects\misspolin\misspolin-api\node_modules\express\lib\router\index.js:284:7 message: 'Not Found' }
error [Thu Apr 25 2019 15:35:41 GMT+0600 (GMT+06:00)]  { NotFoundError: Not Found
    at C:\projects\misspolin\misspolin-api\app.js:73:8
    at Layer.handle [as handle_request] (C:\projects\misspolin\misspolin-api\node_modules\express\lib\router\layer.js:95:5)
    at trim_prefix (C:\projects\misspolin\misspolin-api\node_modules\express\lib\router\index.js:317:13)
    at C:\projects\misspolin\misspolin-api\node_modules\express\lib\router\index.js:284:7
    at Function.process_params (C:\projects\misspolin\misspolin-api\node_modules\express\lib\router\index.js:335:12)
    at next (C:\projects\misspolin\misspolin-api\node_modules\express\lib\router\index.js:275:10)
    at trim_prefix (C:\projects\misspolin\misspolin-api\node_modules\express\lib\router\index.js:292:47)
    at C:\projects\misspolin\misspolin-api\node_modules\express\lib\router\index.js:284:7
    at param (C:\projects\misspolin\misspolin-api\node_modules\express\lib\router\index.js:354:14)
    at param (C:\projects\misspolin\misspolin-api\node_modules\express\lib\router\index.js:365:14)
    at Function.process_params (C:\projects\misspolin\misspolin-api\node_modules\express\lib\router\index.js:410:3)
    at next (C:\projects\misspolin\misspolin-api\node_modules\express\lib\router\index.js:275:10)
    at renderAMP (C:\projects\misspolin\misspolin-api\node_modules\express-amp\src\index.js:36:12)
    at Layer.handle [as handle_request] (C:\projects\misspolin\misspolin-api\node_modules\express\lib\router\layer.js:95:5)
    at trim_prefix (C:\projects\misspolin\misspolin-api\node_modules\express\lib\router\index.js:317:13)
    at C:\projects\misspolin\misspolin-api\node_modules\express\lib\router\index.js:284:7 message: 'Not Found' }
error [Thu Apr 25 2019 15:37:01 GMT+0600 (GMT+06:00)]  { NotFoundError: Not Found
    at C:\projects\misspolin\misspolin-api\app.js:73:8
    at Layer.handle [as handle_request] (C:\projects\misspolin\misspolin-api\node_modules\express\lib\router\layer.js:95:5)
    at trim_prefix (C:\projects\misspolin\misspolin-api\node_modules\express\lib\router\index.js:317:13)
    at C:\projects\misspolin\misspolin-api\node_modules\express\lib\router\index.js:284:7
    at Function.process_params (C:\projects\misspolin\misspolin-api\node_modules\express\lib\router\index.js:335:12)
    at next (C:\projects\misspolin\misspolin-api\node_modules\express\lib\router\index.js:275:10)
    at trim_prefix (C:\projects\misspolin\misspolin-api\node_modules\express\lib\router\index.js:292:47)
    at C:\projects\misspolin\misspolin-api\node_modules\express\lib\router\index.js:284:7
    at param (C:\projects\misspolin\misspolin-api\node_modules\express\lib\router\index.js:354:14)
    at param (C:\projects\misspolin\misspolin-api\node_modules\express\lib\router\index.js:365:14)
    at Function.process_params (C:\projects\misspolin\misspolin-api\node_modules\express\lib\router\index.js:410:3)
    at next (C:\projects\misspolin\misspolin-api\node_modules\express\lib\router\index.js:275:10)
    at renderAMP (C:\projects\misspolin\misspolin-api\node_modules\express-amp\src\index.js:36:12)
    at Layer.handle [as handle_request] (C:\projects\misspolin\misspolin-api\node_modules\express\lib\router\layer.js:95:5)
    at trim_prefix (C:\projects\misspolin\misspolin-api\node_modules\express\lib\router\index.js:317:13)
    at C:\projects\misspolin\misspolin-api\node_modules\express\lib\router\index.js:284:7 message: 'Not Found' }
error [Thu Apr 25 2019 15:38:59 GMT+0600 (GMT+06:00)]  { NotFoundError: Not Found
    at C:\projects\misspolin\misspolin-api\app.js:73:8
    at Layer.handle [as handle_request] (C:\projects\misspolin\misspolin-api\node_modules\express\lib\router\layer.js:95:5)
    at trim_prefix (C:\projects\misspolin\misspolin-api\node_modules\express\lib\router\index.js:317:13)
    at C:\projects\misspolin\misspolin-api\node_modules\express\lib\router\index.js:284:7
    at Function.process_params (C:\projects\misspolin\misspolin-api\node_modules\express\lib\router\index.js:335:12)
    at next (C:\projects\misspolin\misspolin-api\node_modules\express\lib\router\index.js:275:10)
    at trim_prefix (C:\projects\misspolin\misspolin-api\node_modules\express\lib\router\index.js:292:47)
    at C:\projects\misspolin\misspolin-api\node_modules\express\lib\router\index.js:284:7
    at param (C:\projects\misspolin\misspolin-api\node_modules\express\lib\router\index.js:354:14)
    at param (C:\projects\misspolin\misspolin-api\node_modules\express\lib\router\index.js:365:14)
    at Function.process_params (C:\projects\misspolin\misspolin-api\node_modules\express\lib\router\index.js:410:3)
    at next (C:\projects\misspolin\misspolin-api\node_modules\express\lib\router\index.js:275:10)
    at renderAMP (C:\projects\misspolin\misspolin-api\node_modules\express-amp\src\index.js:36:12)
    at Layer.handle [as handle_request] (C:\projects\misspolin\misspolin-api\node_modules\express\lib\router\layer.js:95:5)
    at trim_prefix (C:\projects\misspolin\misspolin-api\node_modules\express\lib\router\index.js:317:13)
    at C:\projects\misspolin\misspolin-api\node_modules\express\lib\router\index.js:284:7 message: 'Not Found' }
error [Thu Apr 25 2019 15:39:00 GMT+0600 (GMT+06:00)]  { NotFoundError: Not Found
    at C:\projects\misspolin\misspolin-api\app.js:73:8
    at Layer.handle [as handle_request] (C:\projects\misspolin\misspolin-api\node_modules\express\lib\router\layer.js:95:5)
    at trim_prefix (C:\projects\misspolin\misspolin-api\node_modules\express\lib\router\index.js:317:13)
    at C:\projects\misspolin\misspolin-api\node_modules\express\lib\router\index.js:284:7
    at Function.process_params (C:\projects\misspolin\misspolin-api\node_modules\express\lib\router\index.js:335:12)
    at next (C:\projects\misspolin\misspolin-api\node_modules\express\lib\router\index.js:275:10)
    at trim_prefix (C:\projects\misspolin\misspolin-api\node_modules\express\lib\router\index.js:292:47)
    at C:\projects\misspolin\misspolin-api\node_modules\express\lib\router\index.js:284:7
    at param (C:\projects\misspolin\misspolin-api\node_modules\express\lib\router\index.js:354:14)
    at param (C:\projects\misspolin\misspolin-api\node_modules\express\lib\router\index.js:365:14)
    at Function.process_params (C:\projects\misspolin\misspolin-api\node_modules\express\lib\router\index.js:410:3)
    at next (C:\projects\misspolin\misspolin-api\node_modules\express\lib\router\index.js:275:10)
    at renderAMP (C:\projects\misspolin\misspolin-api\node_modules\express-amp\src\index.js:36:12)
    at Layer.handle [as handle_request] (C:\projects\misspolin\misspolin-api\node_modules\express\lib\router\layer.js:95:5)
    at trim_prefix (C:\projects\misspolin\misspolin-api\node_modules\express\lib\router\index.js:317:13)
    at C:\projects\misspolin\misspolin-api\node_modules\express\lib\router\index.js:284:7 message: 'Not Found' }
error [Thu Apr 25 2019 15:39:18 GMT+0600 (GMT+06:00)]  { NotFoundError: Not Found
    at C:\projects\misspolin\misspolin-api\app.js:73:8
    at Layer.handle [as handle_request] (C:\projects\misspolin\misspolin-api\node_modules\express\lib\router\layer.js:95:5)
    at trim_prefix (C:\projects\misspolin\misspolin-api\node_modules\express\lib\router\index.js:317:13)
    at C:\projects\misspolin\misspolin-api\node_modules\express\lib\router\index.js:284:7
    at Function.process_params (C:\projects\misspolin\misspolin-api\node_modules\express\lib\router\index.js:335:12)
    at next (C:\projects\misspolin\misspolin-api\node_modules\express\lib\router\index.js:275:10)
    at trim_prefix (C:\projects\misspolin\misspolin-api\node_modules\express\lib\router\index.js:292:47)
    at C:\projects\misspolin\misspolin-api\node_modules\express\lib\router\index.js:284:7
    at param (C:\projects\misspolin\misspolin-api\node_modules\express\lib\router\index.js:354:14)
    at param (C:\projects\misspolin\misspolin-api\node_modules\express\lib\router\index.js:365:14)
    at Function.process_params (C:\projects\misspolin\misspolin-api\node_modules\express\lib\router\index.js:410:3)
    at next (C:\projects\misspolin\misspolin-api\node_modules\express\lib\router\index.js:275:10)
    at renderAMP (C:\projects\misspolin\misspolin-api\node_modules\express-amp\src\index.js:36:12)
    at Layer.handle [as handle_request] (C:\projects\misspolin\misspolin-api\node_modules\express\lib\router\layer.js:95:5)
    at trim_prefix (C:\projects\misspolin\misspolin-api\node_modules\express\lib\router\index.js:317:13)
    at C:\projects\misspolin\misspolin-api\node_modules\express\lib\router\index.js:284:7 message: 'Not Found' }
error [Thu Apr 25 2019 15:40:48 GMT+0600 (GMT+06:00)]  { NotFoundError: Not Found
    at C:\projects\misspolin\misspolin-api\app.js:73:8
    at Layer.handle [as handle_request] (C:\projects\misspolin\misspolin-api\node_modules\express\lib\router\layer.js:95:5)
    at trim_prefix (C:\projects\misspolin\misspolin-api\node_modules\express\lib\router\index.js:317:13)
    at C:\projects\misspolin\misspolin-api\node_modules\express\lib\router\index.js:284:7
    at Function.process_params (C:\projects\misspolin\misspolin-api\node_modules\express\lib\router\index.js:335:12)
    at next (C:\projects\misspolin\misspolin-api\node_modules\express\lib\router\index.js:275:10)
    at trim_prefix (C:\projects\misspolin\misspolin-api\node_modules\express\lib\router\index.js:292:47)
    at C:\projects\misspolin\misspolin-api\node_modules\express\lib\router\index.js:284:7
    at param (C:\projects\misspolin\misspolin-api\node_modules\express\lib\router\index.js:354:14)
    at param (C:\projects\misspolin\misspolin-api\node_modules\express\lib\router\index.js:365:14)
    at Function.process_params (C:\projects\misspolin\misspolin-api\node_modules\express\lib\router\index.js:410:3)
    at next (C:\projects\misspolin\misspolin-api\node_modules\express\lib\router\index.js:275:10)
    at renderAMP (C:\projects\misspolin\misspolin-api\node_modules\express-amp\src\index.js:36:12)
    at Layer.handle [as handle_request] (C:\projects\misspolin\misspolin-api\node_modules\express\lib\router\layer.js:95:5)
    at trim_prefix (C:\projects\misspolin\misspolin-api\node_modules\express\lib\router\index.js:317:13)
    at C:\projects\misspolin\misspolin-api\node_modules\express\lib\router\index.js:284:7 message: 'Not Found' }
error [Thu Apr 25 2019 15:42:53 GMT+0600 (GMT+06:00)]  { NotFoundError: Not Found
    at C:\projects\misspolin\misspolin-api\app.js:73:8
    at Layer.handle [as handle_request] (C:\projects\misspolin\misspolin-api\node_modules\express\lib\router\layer.js:95:5)
    at trim_prefix (C:\projects\misspolin\misspolin-api\node_modules\express\lib\router\index.js:317:13)
    at C:\projects\misspolin\misspolin-api\node_modules\express\lib\router\index.js:284:7
    at Function.process_params (C:\projects\misspolin\misspolin-api\node_modules\express\lib\router\index.js:335:12)
    at next (C:\projects\misspolin\misspolin-api\node_modules\express\lib\router\index.js:275:10)
    at trim_prefix (C:\projects\misspolin\misspolin-api\node_modules\express\lib\router\index.js:292:47)
    at C:\projects\misspolin\misspolin-api\node_modules\express\lib\router\index.js:284:7
    at param (C:\projects\misspolin\misspolin-api\node_modules\express\lib\router\index.js:354:14)
    at param (C:\projects\misspolin\misspolin-api\node_modules\express\lib\router\index.js:365:14)
    at Function.process_params (C:\projects\misspolin\misspolin-api\node_modules\express\lib\router\index.js:410:3)
    at next (C:\projects\misspolin\misspolin-api\node_modules\express\lib\router\index.js:275:10)
    at renderAMP (C:\projects\misspolin\misspolin-api\node_modules\express-amp\src\index.js:36:12)
    at Layer.handle [as handle_request] (C:\projects\misspolin\misspolin-api\node_modules\express\lib\router\layer.js:95:5)
    at trim_prefix (C:\projects\misspolin\misspolin-api\node_modules\express\lib\router\index.js:317:13)
    at C:\projects\misspolin\misspolin-api\node_modules\express\lib\router\index.js:284:7 message: 'Not Found' }
error [Thu Apr 25 2019 15:44:01 GMT+0600 (GMT+06:00)]  { NotFoundError: Not Found
    at C:\projects\misspolin\misspolin-api\app.js:73:8
    at Layer.handle [as handle_request] (C:\projects\misspolin\misspolin-api\node_modules\express\lib\router\layer.js:95:5)
    at trim_prefix (C:\projects\misspolin\misspolin-api\node_modules\express\lib\router\index.js:317:13)
    at C:\projects\misspolin\misspolin-api\node_modules\express\lib\router\index.js:284:7
    at Function.process_params (C:\projects\misspolin\misspolin-api\node_modules\express\lib\router\index.js:335:12)
    at next (C:\projects\misspolin\misspolin-api\node_modules\express\lib\router\index.js:275:10)
    at trim_prefix (C:\projects\misspolin\misspolin-api\node_modules\express\lib\router\index.js:292:47)
    at C:\projects\misspolin\misspolin-api\node_modules\express\lib\router\index.js:284:7
    at param (C:\projects\misspolin\misspolin-api\node_modules\express\lib\router\index.js:354:14)
    at param (C:\projects\misspolin\misspolin-api\node_modules\express\lib\router\index.js:365:14)
    at Function.process_params (C:\projects\misspolin\misspolin-api\node_modules\express\lib\router\index.js:410:3)
    at next (C:\projects\misspolin\misspolin-api\node_modules\express\lib\router\index.js:275:10)
    at renderAMP (C:\projects\misspolin\misspolin-api\node_modules\express-amp\src\index.js:36:12)
    at Layer.handle [as handle_request] (C:\projects\misspolin\misspolin-api\node_modules\express\lib\router\layer.js:95:5)
    at trim_prefix (C:\projects\misspolin\misspolin-api\node_modules\express\lib\router\index.js:317:13)
    at C:\projects\misspolin\misspolin-api\node_modules\express\lib\router\index.js:284:7 message: 'Not Found' }
error [Thu Apr 25 2019 15:44:23 GMT+0600 (GMT+06:00)]  { NotFoundError: Not Found
    at C:\projects\misspolin\misspolin-api\app.js:73:8
    at Layer.handle [as handle_request] (C:\projects\misspolin\misspolin-api\node_modules\express\lib\router\layer.js:95:5)
    at trim_prefix (C:\projects\misspolin\misspolin-api\node_modules\express\lib\router\index.js:317:13)
    at C:\projects\misspolin\misspolin-api\node_modules\express\lib\router\index.js:284:7
    at Function.process_params (C:\projects\misspolin\misspolin-api\node_modules\express\lib\router\index.js:335:12)
    at next (C:\projects\misspolin\misspolin-api\node_modules\express\lib\router\index.js:275:10)
    at trim_prefix (C:\projects\misspolin\misspolin-api\node_modules\express\lib\router\index.js:292:47)
    at C:\projects\misspolin\misspolin-api\node_modules\express\lib\router\index.js:284:7
    at param (C:\projects\misspolin\misspolin-api\node_modules\express\lib\router\index.js:354:14)
    at param (C:\projects\misspolin\misspolin-api\node_modules\express\lib\router\index.js:365:14)
    at Function.process_params (C:\projects\misspolin\misspolin-api\node_modules\express\lib\router\index.js:410:3)
    at next (C:\projects\misspolin\misspolin-api\node_modules\express\lib\router\index.js:275:10)
    at renderAMP (C:\projects\misspolin\misspolin-api\node_modules\express-amp\src\index.js:36:12)
    at Layer.handle [as handle_request] (C:\projects\misspolin\misspolin-api\node_modules\express\lib\router\layer.js:95:5)
    at trim_prefix (C:\projects\misspolin\misspolin-api\node_modules\express\lib\router\index.js:317:13)
    at C:\projects\misspolin\misspolin-api\node_modules\express\lib\router\index.js:284:7 message: 'Not Found' }
error [Thu Apr 25 2019 15:45:29 GMT+0600 (GMT+06:00)]  { NotFoundError: Not Found
    at C:\projects\misspolin\misspolin-api\app.js:73:8
    at Layer.handle [as handle_request] (C:\projects\misspolin\misspolin-api\node_modules\express\lib\router\layer.js:95:5)
    at trim_prefix (C:\projects\misspolin\misspolin-api\node_modules\express\lib\router\index.js:317:13)
    at C:\projects\misspolin\misspolin-api\node_modules\express\lib\router\index.js:284:7
    at Function.process_params (C:\projects\misspolin\misspolin-api\node_modules\express\lib\router\index.js:335:12)
    at next (C:\projects\misspolin\misspolin-api\node_modules\express\lib\router\index.js:275:10)
    at trim_prefix (C:\projects\misspolin\misspolin-api\node_modules\express\lib\router\index.js:292:47)
    at C:\projects\misspolin\misspolin-api\node_modules\express\lib\router\index.js:284:7
    at param (C:\projects\misspolin\misspolin-api\node_modules\express\lib\router\index.js:354:14)
    at param (C:\projects\misspolin\misspolin-api\node_modules\express\lib\router\index.js:365:14)
    at Function.process_params (C:\projects\misspolin\misspolin-api\node_modules\express\lib\router\index.js:410:3)
    at next (C:\projects\misspolin\misspolin-api\node_modules\express\lib\router\index.js:275:10)
    at renderAMP (C:\projects\misspolin\misspolin-api\node_modules\express-amp\src\index.js:36:12)
    at Layer.handle [as handle_request] (C:\projects\misspolin\misspolin-api\node_modules\express\lib\router\layer.js:95:5)
    at trim_prefix (C:\projects\misspolin\misspolin-api\node_modules\express\lib\router\index.js:317:13)
    at C:\projects\misspolin\misspolin-api\node_modules\express\lib\router\index.js:284:7 message: 'Not Found' }
error [Thu Apr 25 2019 15:46:08 GMT+0600 (GMT+06:00)]  { NotFoundError: Not Found
    at C:\projects\misspolin\misspolin-api\app.js:73:8
    at Layer.handle [as handle_request] (C:\projects\misspolin\misspolin-api\node_modules\express\lib\router\layer.js:95:5)
    at trim_prefix (C:\projects\misspolin\misspolin-api\node_modules\express\lib\router\index.js:317:13)
    at C:\projects\misspolin\misspolin-api\node_modules\express\lib\router\index.js:284:7
    at Function.process_params (C:\projects\misspolin\misspolin-api\node_modules\express\lib\router\index.js:335:12)
    at next (C:\projects\misspolin\misspolin-api\node_modules\express\lib\router\index.js:275:10)
    at trim_prefix (C:\projects\misspolin\misspolin-api\node_modules\express\lib\router\index.js:292:47)
    at C:\projects\misspolin\misspolin-api\node_modules\express\lib\router\index.js:284:7
    at param (C:\projects\misspolin\misspolin-api\node_modules\express\lib\router\index.js:354:14)
    at param (C:\projects\misspolin\misspolin-api\node_modules\express\lib\router\index.js:365:14)
    at Function.process_params (C:\projects\misspolin\misspolin-api\node_modules\express\lib\router\index.js:410:3)
    at next (C:\projects\misspolin\misspolin-api\node_modules\express\lib\router\index.js:275:10)
    at renderAMP (C:\projects\misspolin\misspolin-api\node_modules\express-amp\src\index.js:36:12)
    at Layer.handle [as handle_request] (C:\projects\misspolin\misspolin-api\node_modules\express\lib\router\layer.js:95:5)
    at trim_prefix (C:\projects\misspolin\misspolin-api\node_modules\express\lib\router\index.js:317:13)
    at C:\projects\misspolin\misspolin-api\node_modules\express\lib\router\index.js:284:7 message: 'Not Found' }
error [Thu Apr 25 2019 15:52:40 GMT+0600 (GMT+06:00)]  { NotFoundError: Not Found
    at C:\projects\misspolin\misspolin-api\app.js:73:8
    at Layer.handle [as handle_request] (C:\projects\misspolin\misspolin-api\node_modules\express\lib\router\layer.js:95:5)
    at trim_prefix (C:\projects\misspolin\misspolin-api\node_modules\express\lib\router\index.js:317:13)
    at C:\projects\misspolin\misspolin-api\node_modules\express\lib\router\index.js:284:7
    at Function.process_params (C:\projects\misspolin\misspolin-api\node_modules\express\lib\router\index.js:335:12)
    at next (C:\projects\misspolin\misspolin-api\node_modules\express\lib\router\index.js:275:10)
    at trim_prefix (C:\projects\misspolin\misspolin-api\node_modules\express\lib\router\index.js:292:47)
    at C:\projects\misspolin\misspolin-api\node_modules\express\lib\router\index.js:284:7
    at param (C:\projects\misspolin\misspolin-api\node_modules\express\lib\router\index.js:354:14)
    at param (C:\projects\misspolin\misspolin-api\node_modules\express\lib\router\index.js:365:14)
    at Function.process_params (C:\projects\misspolin\misspolin-api\node_modules\express\lib\router\index.js:410:3)
    at next (C:\projects\misspolin\misspolin-api\node_modules\express\lib\router\index.js:275:10)
    at renderAMP (C:\projects\misspolin\misspolin-api\node_modules\express-amp\src\index.js:36:12)
    at Layer.handle [as handle_request] (C:\projects\misspolin\misspolin-api\node_modules\express\lib\router\layer.js:95:5)
    at trim_prefix (C:\projects\misspolin\misspolin-api\node_modules\express\lib\router\index.js:317:13)
    at C:\projects\misspolin\misspolin-api\node_modules\express\lib\router\index.js:284:7 message: 'Not Found' }




error [Thu Apr 25 2019 16:18:30 GMT+0600 (GMT+06:00)]  { NotFoundError: Not Found
    at C:\projects\misspolin\misspolin-api\app.js:73:8
    at Layer.handle [as handle_request] (C:\projects\misspolin\misspolin-api\node_modules\express\lib\router\layer.js:95:5)
    at trim_prefix (C:\projects\misspolin\misspolin-api\node_modules\express\lib\router\index.js:317:13)
    at C:\projects\misspolin\misspolin-api\node_modules\express\lib\router\index.js:284:7
    at Function.process_params (C:\projects\misspolin\misspolin-api\node_modules\express\lib\router\index.js:335:12)
    at next (C:\projects\misspolin\misspolin-api\node_modules\express\lib\router\index.js:275:10)
    at C:\projects\misspolin\misspolin-api\node_modules\express\lib\router\index.js:635:15
    at next (C:\projects\misspolin\misspolin-api\node_modules\express\lib\router\index.js:260:14)
    at Function.handle (C:\projects\misspolin\misspolin-api\node_modules\express\lib\router\index.js:174:3)
    at router (C:\projects\misspolin\misspolin-api\node_modules\express\lib\router\index.js:47:12)
    at Layer.handle [as handle_request] (C:\projects\misspolin\misspolin-api\node_modules\express\lib\router\layer.js:95:5)
    at trim_prefix (C:\projects\misspolin\misspolin-api\node_modules\express\lib\router\index.js:317:13)
    at C:\projects\misspolin\misspolin-api\node_modules\express\lib\router\index.js:284:7
    at Function.process_params (C:\projects\misspolin\misspolin-api\node_modules\express\lib\router\index.js:335:12)
    at next (C:\projects\misspolin\misspolin-api\node_modules\express\lib\router\index.js:275:10)
    at trim_prefix (C:\projects\misspolin\misspolin-api\node_modules\express\lib\router\index.js:292:47) message: 'Not Found' }

error [Thu Apr 25 2019 16:18:43 GMT+0600 (GMT+06:00)]  { NotFoundError: Not Found
    at C:\projects\misspolin\misspolin-api\app.js:73:8
    at Layer.handle [as handle_request] (C:\projects\misspolin\misspolin-api\node_modules\express\lib\router\layer.js:95:5)
    at trim_prefix (C:\projects\misspolin\misspolin-api\node_modules\express\lib\router\index.js:317:13)
    at C:\projects\misspolin\misspolin-api\node_modules\express\lib\router\index.js:284:7
    at Function.process_params (C:\projects\misspolin\misspolin-api\node_modules\express\lib\router\index.js:335:12)
    at next (C:\projects\misspolin\misspolin-api\node_modules\express\lib\router\index.js:275:10)
    at C:\projects\misspolin\misspolin-api\node_modules\express\lib\router\index.js:635:15
    at next (C:\projects\misspolin\misspolin-api\node_modules\express\lib\router\index.js:260:14)
    at Function.handle (C:\projects\misspolin\misspolin-api\node_modules\express\lib\router\index.js:174:3)
    at router (C:\projects\misspolin\misspolin-api\node_modules\express\lib\router\index.js:47:12)
    at Layer.handle [as handle_request] (C:\projects\misspolin\misspolin-api\node_modules\express\lib\router\layer.js:95:5)
    at trim_prefix (C:\projects\misspolin\misspolin-api\node_modules\express\lib\router\index.js:317:13)
    at C:\projects\misspolin\misspolin-api\node_modules\express\lib\router\index.js:284:7
    at Function.process_params (C:\projects\misspolin\misspolin-api\node_modules\express\lib\router\index.js:335:12)
    at next (C:\projects\misspolin\misspolin-api\node_modules\express\lib\router\index.js:275:10)
    at renderAMP (C:\projects\misspolin\misspolin-api\node_modules\express-amp\src\index.js:36:12) message: 'Not Found' }
error [Thu Apr 25 2019 16:18:47 GMT+0600 (GMT+06:00)]  { NotFoundError: Not Found
    at C:\projects\misspolin\misspolin-api\app.js:73:8
    at Layer.handle [as handle_request] (C:\projects\misspolin\misspolin-api\node_modules\express\lib\router\layer.js:95:5)
    at trim_prefix (C:\projects\misspolin\misspolin-api\node_modules\express\lib\router\index.js:317:13)
    at C:\projects\misspolin\misspolin-api\node_modules\express\lib\router\index.js:284:7
    at Function.process_params (C:\projects\misspolin\misspolin-api\node_modules\express\lib\router\index.js:335:12)
    at next (C:\projects\misspolin\misspolin-api\node_modules\express\lib\router\index.js:275:10)
    at C:\projects\misspolin\misspolin-api\node_modules\express\lib\router\index.js:635:15
    at next (C:\projects\misspolin\misspolin-api\node_modules\express\lib\router\index.js:260:14)
    at Function.handle (C:\projects\misspolin\misspolin-api\node_modules\express\lib\router\index.js:174:3)
    at router (C:\projects\misspolin\misspolin-api\node_modules\express\lib\router\index.js:47:12)
    at Layer.handle [as handle_request] (C:\projects\misspolin\misspolin-api\node_modules\express\lib\router\layer.js:95:5)
    at trim_prefix (C:\projects\misspolin\misspolin-api\node_modules\express\lib\router\index.js:317:13)
    at C:\projects\misspolin\misspolin-api\node_modules\express\lib\router\index.js:284:7
    at Function.process_params (C:\projects\misspolin\misspolin-api\node_modules\express\lib\router\index.js:335:12)
    at next (C:\projects\misspolin\misspolin-api\node_modules\express\lib\router\index.js:275:10)
    at renderAMP (C:\projects\misspolin\misspolin-api\node_modules\express-amp\src\index.js:36:12) message: 'Not Found' }



